TN:
SF:src\handlers\auth.js
FN:3,(anonymous_0)
FN:21,(anonymous_1)
FNF:2
FNH:2
FNDA:1,(anonymous_0)
FNDA:3,(anonymous_1)
DA:1,1
DA:3,1
DA:4,1
DA:6,1
DA:21,1
DA:22,3
DA:23,1
DA:26,2
DA:28,2
DA:29,2
DA:30,1
DA:32,1
DA:37,1
DA:38,1
LF:14
LH:14
BRDA:22,0,0,1
BRDA:22,0,1,2
BRF:2
BRH:2
end_of_record
TN:
SF:src\handlers\private.js
FN:1,(anonymous_0)
FNF:1
FNH:1
FNDA:1,(anonymous_0)
DA:1,1
DA:2,1
LF:2
LH:2
BRF:0
BRH:0
end_of_record
TN:
SF:src\handlers\public.js
FN:1,(anonymous_0)
FNF:1
FNH:1
FNDA:1,(anonymous_0)
DA:1,1
DA:2,1
LF:2
LH:2
BRF:0
BRH:0
end_of_record
